- tag: v1.3.0: https://github.com/dracula/mixplorer/commits/v1.3.0
9e9523c upd: 202309030015
dc7489f upd: just tidying up
0de4960 add: planned list
4d3bfa1 upd: latest screenshot
c5ec7c8 add: source template from decompile

- tag: v1.2.0: https://github.com/dracula/mixplorer/commits/v1.2.0
cddb91d upd: Redesigned with the latest features
3940def Delete .github/ISSUE_TEMPLATE directory
ab1eeb6 Update issue templates
350d5bf Update INSTALL.md
edfc9b0 instructions info
0ed5ed9 fonts info
a875cae Update INSTALL.md
d6bce45 move to development
89f352c Update readme.md
d02939e add build scripts
807a852 assign username
2449069 Update OpenSans.txt
f8b348b update .gitfiles
136d8cc update: file name scripts
96bd883 update: bin and info
cd41ee7 remove: old bin and info
a951a7d update: info tools
cfffe9a add: reference images
f66987f update: compiler script
d6cad91 update: new font and version
1121d8e Update .gitignore
a8717b2 Create properties.xml
6112b3f Update README.md
deb2b9f Update and rename reference.txt to readme.txt
95029c3 fix: text_edit_selection_background
0c43fb7 add: executable files
61bbefa Update .gitignore
83cee1f Update .gitattributes
0b81bda Update INSTALL.md
8726c72 Update INSTALL.md

- tag: v1.1.0: https://github.com/dracula/mixplorer/commits/v1.1.0
723e4dc Delete AnkaCoder-Regular.ttf
6bbe918 update icons
800452a fix issues f82d122 and mores
44c41e1 Update .gitignore
ede1316 Update README.md
6730b65 :memo: Update readme

- tag: v1.0.0: https://github.com/dracula/mixplorer/commits/v1.0.0
5922163 Update INSTALL.md
f33dc3b [ImgBot] Optimize images
1a18fcb Update properties.xml
884a359 Add new icons for cloud storage
d674c78 Update .gitignore
aacc15e Update .gitattributes
fb33c14 Add new icons for system
416c562 Add new icons for thumb folder
ed92090 Standardize repository
d90e4cc [ImgBot] Optimize images
13e6a67 Merge branch 'master' of https://github.com/dracula/mixplorer
2c6d96a Revert "[ImgBot] Optimize images"
60ab84f Update properties.xml
f53d75a Update properties.xml
fef2191 [ImgBot] Optimize images
9b7e28a Update INSTALL.md
f15469e Move to release page
34139fe Update git config
202cf78 Update .gitignore
44c7998 Update .gitignore
0fdfbaf Update .gitignore
ea7ca7d Update .gitignore
d7299e9 Delete unnecessary folders
6beaefa Create .gitignore
48617ed Update INSTALL.md
4222b80 Update INSTALL.md
0d2d33a Added theme files for release
9900666 Create .gitattributes
db4d00d Update properties.xml
bde8b96 Update theme to root folder
7e46c67 Update INSTALL.md
b37bd29 Update INSTALL.md
4ec957b Update README.md
0b83e83 Update properties.xml
3a32208 Delete Courier-Prime-Code.ttf
2b09357 Update Screenshot.png
d0cbd1b Update README.md
0613703 Delete dracula-mixplorer.mit
698b1ac Delete .gitignore
2c85f2d Merge branch 'master' of https://github.com/kybo15/dracula-mixplorer
88320d9 Update INSTALL.md
5ad1103 Update README.md
902d93a Update README.md
ecc56f7 Update INSTALL.md
f3c6f65 Update properties.xml
024a9dc Delete .editorconfig
72a15ae Update INSTALL.md
e5f94dd Update README.md
557785a Merge branch 'master' of https://github.com/uyrLab/dracula-mixplorer
927ff87 Create dracula-mixplorer.mit
7088da8 Update Screenshot.png
ee765c4 Update README.md
7b1f3c0 Create Screenshot.png
09c5898 Update INSTALL.md
78dd872 Create properties.xml
1e4cc4e Add fonts themes
68756fe Add drawable icons
64b3723 Add optional misc.
515d6d8 Update .gitignore
02246c3 Create .editorconfig
6f188d2 Create .gitignore
f22eede Update INSTALL.md
aaf9b41 Move to temporary folder
23a96f4 Update README.md
16a9a9c Update INSTALL.md
de55b20 Initial commit
